[2026-07-02 19:05:32] [INFO] ============================================================
[2026-07-02 19:05:32] [INFO] ELT Pipeline started at 2026-07-02 19:05:32
[2026-07-02 19:05:32] [INFO] ============================================================
[2026-07-02 19:05:32] [INFO] Step [1/6]: Extracting Products...
[2026-07-02 19:05:35] [INFO] Step [2/6]: Extracting Users...
[2026-07-02 19:05:37] [INFO] Step [3/6]: Extracting Carts...
[2026-07-02 19:05:39] [INFO] Step [4/6]: Loading data into DuckDB...
[2026-07-02 19:05:43] [INFO] Step [5/6]: Running dbt models...
[2026-07-02 19:05:49] [INFO] Step [6/6]: Running dbt tests...
[2026-07-02 19:05:53] [INFO] ============================================================
[2026-07-02 19:05:53] [INFO] ELT Pipeline completed successfully!
[2026-07-02 19:05:53] [INFO] End Time: 2026-07-02 19:05:53 | Duration: 0:00:21.055440
[2026-07-02 19:05:53] [INFO] ============================================================
[2026-07-02 19:06:15] [INFO] ============================================================
[2026-07-02 19:06:15] [INFO] ELT Pipeline started at 2026-07-02 19:06:15
[2026-07-02 19:06:15] [INFO] ============================================================
[2026-07-02 19:06:15] [INFO] Step [1/6]: Extracting Products...
[2026-07-02 19:06:16] [ERROR] Pipeline step failed during execution: command /Users/d-23-9386/Desktop/ELTWarehouse/venv/bin/python extract/extract_products.py returned non-zero exit status 1.
[2026-07-02 19:06:16] [ERROR] ELT Pipeline finished with status: FAILURE | End Time: 2026-07-02 19:06:16
[2026-07-02 19:10:05] [INFO] ============================================================
[2026-07-02 19:10:05] [INFO] ELT Pipeline started at 2026-07-02 19:10:05
[2026-07-02 19:10:05] [INFO] ============================================================
[2026-07-02 19:10:05] [INFO] Step [1/6]: Extracting Products...
[2026-07-02 19:10:07] [INFO] Step [2/6]: Extracting Users...
[2026-07-02 19:10:09] [INFO] Step [3/6]: Extracting Carts...
[2026-07-02 19:10:11] [INFO] Step [4/6]: Loading data into DuckDB...
[2026-07-02 19:10:16] [INFO] Step [5/6]: Running dbt models...
[2026-07-02 19:10:23] [INFO] Step [6/6]: Running dbt tests...
[2026-07-02 19:10:28] [INFO] ============================================================
[2026-07-02 19:10:28] [INFO] ELT Pipeline completed successfully!
[2026-07-02 19:10:28] [INFO] End Time: 2026-07-02 19:10:28 | Duration: 0:00:22.922244
[2026-07-02 19:10:28] [INFO] ============================================================
[2026-07-02 19:25:10] [INFO] ============================================================
[2026-07-02 19:25:10] [INFO] ELT Pipeline started at 2026-07-02 19:25:10
[2026-07-02 19:25:10] [INFO] ============================================================
[2026-07-02 19:25:10] [INFO] Step [1/6]: Extracting Products...
[2026-07-02 19:25:12] [INFO] Step [2/6]: Extracting Users...
[2026-07-02 19:25:15] [INFO] Step [3/6]: Extracting Carts...
[2026-07-02 19:25:17] [INFO] Step [4/6]: Loading data into DuckDB...
[2026-07-02 19:25:23] [INFO] Step [5/6]: Running dbt models...
[2026-07-02 19:25:29] [INFO] Step [6/6]: Running dbt tests...
[2026-07-02 19:25:34] [INFO] ============================================================
[2026-07-02 19:25:34] [INFO] ELT Pipeline completed successfully!
[2026-07-02 19:25:34] [INFO] End Time: 2026-07-02 19:25:34 | Duration: 0:00:24.064177
[2026-07-02 19:25:34] [INFO] ============================================================
[2026-07-02 19:26:02] [INFO] ============================================================
[2026-07-02 19:26:02] [INFO] ELT Pipeline started at 2026-07-02 19:26:02
[2026-07-02 19:26:02] [INFO] ============================================================
[2026-07-02 19:26:02] [INFO] Step [1/6]: Extracting Products...
[2026-07-02 19:26:05] [INFO] Step [2/6]: Extracting Users...
[2026-07-02 19:26:15] [INFO] Step [3/6]: Extracting Carts...
[2026-07-02 19:26:17] [INFO] Step [4/6]: Loading data into DuckDB...
[2026-07-02 19:26:18] [ERROR] Pipeline step failed during execution: command /Users/d-23-9386/Desktop/ELTWarehouse/venv/bin/python load/load_duckdb.py returned non-zero exit status 1.
[2026-07-02 19:26:18] [ERROR] ELT Pipeline finished with status: FAILURE | End Time: 2026-07-02 19:26:18
[2026-07-02 19:28:12] [INFO] ============================================================
[2026-07-02 19:28:12] [INFO] ELT Pipeline started at 2026-07-02 19:28:12
[2026-07-02 19:28:12] [INFO] ============================================================
[2026-07-02 19:28:12] [INFO] Step [1/6]: Extracting Products...
[2026-07-02 19:28:14] [INFO] Step [2/6]: Extracting Users...
[2026-07-02 19:29:02] [INFO] ============================================================
[2026-07-02 19:29:02] [INFO] ELT Pipeline started at 2026-07-02 19:29:02
[2026-07-02 19:29:02] [INFO] ============================================================
[2026-07-02 19:29:02] [INFO] Step [1/6]: Extracting Products...
[2026-07-02 19:29:04] [INFO] Step [2/6]: Extracting Users...
[2026-07-02 19:29:06] [INFO] Step [3/6]: Extracting Carts...
[2026-07-02 19:29:08] [INFO] Step [4/6]: Loading data into DuckDB...
[2026-07-02 19:29:09] [ERROR] Pipeline step failed during execution: command /Users/d-23-9386/Desktop/ELTWarehouse/venv/bin/python load/load_duckdb.py returned non-zero exit status 1.
[2026-07-02 19:29:09] [ERROR] ELT Pipeline finished with status: FAILURE | End Time: 2026-07-02 19:29:09
[2026-07-02 19:29:39] [INFO] ============================================================
[2026-07-02 19:29:39] [INFO] ELT Pipeline started at 2026-07-02 19:29:39
[2026-07-02 19:29:39] [INFO] ============================================================
[2026-07-02 19:29:39] [INFO] Step [1/6]: Extracting Products...
[2026-07-02 19:29:41] [INFO] Step [2/6]: Extracting Users...
[2026-07-02 19:29:43] [INFO] Step [3/6]: Extracting Carts...
[2026-07-02 19:29:45] [INFO] Step [4/6]: Loading data into DuckDB...
[2026-07-02 19:29:50] [INFO] Step [5/6]: Running dbt models...
[2026-07-02 19:29:56] [INFO] Step [6/6]: Running dbt tests...
[2026-07-02 19:30:02] [INFO] ============================================================
[2026-07-02 19:30:02] [INFO] ELT Pipeline completed successfully!
[2026-07-02 19:30:02] [INFO] End Time: 2026-07-02 19:30:02 | Duration: 0:00:23.073024
[2026-07-02 19:30:02] [INFO] ============================================================
